<?xml version="1.0" encoding="utf-8"?><testsuites name="pytest tests"><testsuite name="pytest" errors="0" failures="0" skipped="0" tests="5" time="3.103" timestamp="2026-07-02T10:56:52.906683+00:00" hostname="agent-env-e30e5d50-504c-45f3-98ae-68e50d43062a"><testcase classname="tests.test_contact_api.TestContact" name="test_contact_success" time="1.827" /><testcase classname="tests.test_contact_api.TestHealth" name="test_root" time="0.228" /><testcase classname="tests.test_contact_api.TestContact" name="test_contact_missing_required_fields" time="0.058" /><testcase classname="tests.test_contact_api.TestContact" name="test_contact_invalid_email" time="0.044" /><testcase classname="tests.test_contact_api.TestContact" name="test_contact_minimum_payload" time="0.635" /></testsuite></testsuites>